2025-02-14T17:24:59.139+05:30  INFO 32464 --- [main] b.c.d.examples.UserProductApplication    : Starting UserProductApplication using Java 17.0.12 with PID 32464 (D:\Downloads\gs-multi-module-main\Validation\target\classes started by shreyas.bs in D:\Downloads\gs-multi-module-main\Validation)
2025-02-14T17:24:59.142+05:30  INFO 32464 --- [main] b.c.d.examples.UserProductApplication    : No active profile set, falling back to 1 default profile: "default"
2025-02-14T17:24:59.739+05:30  INFO 32464 --- [main] .s.d.r.c.RepositoryConfigurationDelegate : Bootstrapping Spring Data JPA repositories in DEFAULT mode.
2025-02-14T17:24:59.788+05:30  INFO 32464 --- [main] .s.d.r.c.RepositoryConfigurationDelegate : Finished Spring Data repository scanning in 38 ms. Found 1 JPA repository interface.
2025-02-14T17:25:00.633+05:30  INFO 32464 --- [main] o.s.b.w.embedded.tomcat.TomcatWebServer  : Tomcat initialized with port 8081 (http)
2025-02-14T17:25:00.643+05:30  INFO 32464 --- [main] o.apache.catalina.core.StandardService   : Starting service [Tomcat]
2025-02-14T17:25:00.643+05:30  INFO 32464 --- [main] o.apache.catalina.core.StandardEngine    : Starting Servlet engine: [Apache Tomcat/10.1.34]
2025-02-14T17:25:00.720+05:30  INFO 32464 --- [main] o.a.c.c.C.[Tomcat].[localhost].[/]       : Initializing Spring embedded WebApplicationContext
2025-02-14T17:25:00.720+05:30  INFO 32464 --- [main] w.s.c.ServletWebServerApplicationContext : Root WebApplicationContext: initialization completed in 1515 ms
2025-02-14T17:25:00.885+05:30  INFO 32464 --- [main] o.hibernate.jpa.internal.util.LogHelper  : HHH000204: Processing PersistenceUnitInfo [name: default]
2025-02-14T17:25:00.932+05:30  INFO 32464 --- [main] org.hibernate.Version                    : HHH000412: Hibernate ORM core version 6.6.5.Final
2025-02-14T17:25:00.969+05:30  INFO 32464 --- [main] o.h.c.internal.RegionFactoryInitiator    : HHH000026: Second-level cache disabled
2025-02-14T17:25:01.218+05:30  INFO 32464 --- [main] o.s.o.j.p.SpringPersistenceUnitInfo      : No LoadTimeWeaver setup: ignoring JPA class transformer
2025-02-14T17:25:01.250+05:30  INFO 32464 --- [main] com.zaxxer.hikari.HikariDataSource       : HikariPool-1 - Starting...
2025-02-14T17:25:01.530+05:30  INFO 32464 --- [main] com.zaxxer.hikari.pool.HikariPool        : HikariPool-1 - Added connection com.mysql.cj.jdbc.ConnectionImpl@7a0f06ad
2025-02-14T17:25:01.532+05:30  INFO 32464 --- [main] com.zaxxer.hikari.HikariDataSource       : HikariPool-1 - Start completed.
2025-02-14T17:25:01.571+05:30  WARN 32464 --- [main] org.hibernate.orm.deprecation            : HHH90000025: MySQL8Dialect does not need to be specified explicitly using 'hibernate.dialect' (remove the property setting and it will be selected by default)
2025-02-14T17:25:01.573+05:30  WARN 32464 --- [main] org.hibernate.orm.deprecation            : HHH90000026: MySQL8Dialect has been deprecated; use org.hibernate.dialect.MySQLDialect instead
2025-02-14T17:25:01.590+05:30  INFO 32464 --- [main] org.hibernate.orm.connections.pooling    : HHH10001005: Database info:
	Database JDBC URL [Connecting through datasource 'HikariDataSource (HikariPool-1)']
	Database driver: undefined/unknown
	Database version: 8.0
	Autocommit mode: undefined/unknown
	Isolation level: undefined/unknown
	Minimum pool size: undefined/unknown
	Maximum pool size: undefined/unknown
2025-02-14T17:25:02.306+05:30  INFO 32464 --- [main] o.h.e.t.j.p.i.JtaPlatformInitiator       : HHH000489: No JTA platform available (set 'hibernate.transaction.jta.platform' to enable JTA platform integration)
2025-02-14T17:25:02.347+05:30  INFO 32464 --- [main] j.LocalContainerEntityManagerFactoryBean : Initialized JPA EntityManagerFactory for persistence unit 'default'
2025-02-14T17:25:02.619+05:30  INFO 32464 --- [main] o.s.d.j.r.query.QueryEnhancerFactory     : Hibernate is in classpath; If applicable, HQL parser will be used.
2025-02-14T17:25:03.090+05:30  WARN 32464 --- [main] JpaBaseConfiguration$JpaWebConfiguration : spring.jpa.open-in-view is enabled by default. Therefore, database queries may be performed during view rendering. Explicitly configure spring.jpa.open-in-view to disable this warning
2025-02-14T17:25:03.126+05:30  INFO 32464 --- [main] o.s.v.b.OptionalValidatorFactoryBean     : Failed to set up a Bean Validation provider: jakarta.validation.NoProviderFoundException: Unable to create a Configuration, because no Jakarta Bean Validation provider could be found. Add a provider like Hibernate Validator (RI) to your classpath.
2025-02-14T17:25:03.517+05:30  INFO 32464 --- [main] o.s.b.w.embedded.tomcat.TomcatWebServer  : Tomcat started on port 8081 (http) with context path '/'
2025-02-14T17:25:03.524+05:30  INFO 32464 --- [main] b.c.d.examples.UserProductApplication    : Started UserProductApplication in 4.822 seconds (process running for 5.286)
2025-02-14T17:25:24.745+05:30  INFO 32464 --- [http-nio-8081-exec-1] o.a.c.c.C.[Tomcat].[localhost].[/]       : Initializing Spring DispatcherServlet 'dispatcherServlet'
2025-02-14T17:25:24.746+05:30  INFO 32464 --- [http-nio-8081-exec-1] o.s.web.servlet.DispatcherServlet        : Initializing Servlet 'dispatcherServlet'
2025-02-14T17:25:24.747+05:30  INFO 32464 --- [http-nio-8081-exec-1] o.s.web.servlet.DispatcherServlet        : Completed initialization in 1 ms
2025-02-14T17:25:25.081+05:30  INFO 32464 --- [http-nio-8081-exec-4] o.springdoc.api.AbstractOpenApiResource  : Init duration for springdoc-openapi is: 192 ms
2025-02-14T17:25:38.436+05:30  INFO 32464 --- [http-nio-8081-exec-5] b.c.d.e.controller.UserValidation        : Inside method postNewUser()
2025-02-14T17:25:38.806+05:30  INFO 32464 --- [http-nio-8081-exec-5] b.c.d.e.controller.UserValidation        : User not found. Updated successfully
